C51 COMPILER V9.00   GLOBAL                                                                05/22/2018 18:34:11 PAGE 1   


C51 COMPILER V9.00, COMPILATION OF MODULE GLOBAL
OBJECT MODULE PLACED IN .\output\global.obj
COMPILER INVOKED BY: D:\Keil\C51\BIN\C51.EXE src\global.c LARGE BROWSE INCDIR(.\inc) DEBUG OBJECTEXTEND PRINT(.\global.l
                    -st) OBJECT(.\output\global.obj)

line level    source

   1          /********************************************************************************************
   2                  文件: global.c
   3                  作者: 罗健
   4                  版本：V1.0
   5                  日期：2016/1/28
   6                  备注：这个文件提供了全局的固件库           
   7          *********************************************************************************************/
   8          #include "STC12C5A60S2.h"
   9          #include "global.h"  
  10          #include "intrins.h"
  11          
  12          /*******************************************************************************************
  13                  函数功能：ms的延时函数
  14                  入口参数：ms_time:延时长度
  15                  返回参数：无    
  16                  函数说明：无
  17          ********************************************************************************************/
  18          void delay_ms(uint32_t ms_time) 
  19          {       
  20   1              uint32_t ms_z; 
  21   1              uint8_t i, j;
  22   1              for(ms_z = 0;ms_z < ms_time;ms_z ++)
  23   1              { 
  24   2                      _nop_();
  25   2                      i = 11;
  26   2                      j = 190;
  27   2                      do
  28   2                      {
  29   3                              while (--j);
  30   3                      } while (--i);
  31   2              }
  32   1      }
  33          
  34          


MODULE INFORMATION:   STATIC OVERLAYABLE
   CODE SIZE        =     91    ----
   CONSTANT SIZE    =   ----    ----
   XDATA SIZE       =   ----       8
   PDATA SIZE       =   ----    ----
   DATA SIZE        =   ----    ----
   IDATA SIZE       =   ----    ----
   BIT SIZE         =   ----    ----
END OF MODULE INFORMATION.


C51 COMPILATION COMPLETE.  0 WARNING(S),  0 ERROR(S)
