C51 COMPILER V9.00   IAP                                                                   05/22/2018 18:34:07 PAGE 1   


C51 COMPILER V9.00, COMPILATION OF MODULE IAP
OBJECT MODULE PLACED IN .\output\iap.obj
COMPILER INVOKED BY: D:\Keil\C51\BIN\C51.EXE src\iap.c LARGE BROWSE INCDIR(.\inc) DEBUG OBJECTEXTEND PRINT(.\iap.lst) OB
                    -JECT(.\output\iap.obj)

line level    source

   1          /********************************************************************************************
   2                  ЮФМў: iap.c
   3                  зїеп: WillJason
   4                  АцБОЃКV1.0
   5                  БИзЂЃКетИіЮФМўЬсЙЉСЫiapФЃПщЕФЙЬМўПт        
   6          *********************************************************************************************/
   7          #include "STC12C5A60S2.h"
   8          #include "iap.h"
   9          #include "intrins.h"
  10          
  11          #define   CMD_IDLE     0         //Stand-By        ПеЯажИСю
  12          #define   CMD_READ     1         //Byte-Read       зжНкЖСжИСю
  13          #define   CMD_PROGRAM  2         //Byte-Program    зжНкБрГЬжИСю
  14          #define   CMD_ERASE    3         //Sector-Erase    ЩШЧјВСГ§жИСю
  15          #define   ENABLE_IAP   0x83      //if SYSCLK<12MHz ЪЙФмIAP
  16            
  17          /******************************************************************************************
  18                  КЏЪ§ЙІФмЃКIAPНјШыПеЯазДЬЌ
  19                  ШыПкВЮЪ§ЃКЮо
  20                  ЗЕЛиВЮЪ§ЃКЮо    
  21                  КЏЪ§ЫЕУїЃКЮо
  22          *******************************************************************************************/
  23          void iap_idle()
  24          {
  25   1              IAP_CONTR = 0;          //Close IAP function
  26   1              IAP_CMD = 0;            //Clear command to standby
  27   1              IAP_TRIG = 0;           //Clear trigger register
  28   1              IAP_ADDRH = 0x80;       //Data ptr point to non-EEPROM area
  29   1              IAP_ADDRL = 0;          //Clear IAP address to prevent misuse
  30   1      }
  31          /******************************************************************************************
  32                  КЏЪ§ЙІФмЃКIAPЖСзжНк
  33                  ШыПкВЮЪ§ЃКaddrЃКзжНкЕижЗ
  34                  ЗЕЛиВЮЪ§ЃКЖСГіЕФзжНк    
  35                  КЏЪ§ЫЕУїЃКЮо
  36          *******************************************************************************************/
  37          uint8_t iap_read_byte(uint16_t addr)
  38          {
  39   1              uint8_t dat;       //Data buffer
  40   1              IAP_CONTR = ENABLE_IAP;  //Open IAP function, and set wait time
  41   1              IAP_CMD = CMD_READ;      //Set ISP/IAP/EEPROM READ command
  42   1              IAP_ADDRL = addr;        //Set ISP/IAP/EEPROM address low
  43   1              IAP_ADDRH = addr >> 8;   //Set ISP/IAP/EEPROM address high
  44   1              IAP_TRIG = 0x5a;         //Send trigger command1 (0x5a)
  45   1              IAP_TRIG = 0xa5;         //Send trigger command2 (0xa5)
  46   1              _nop_();                 //MCU will hold here until ISP/IAP/EEPROM  //operation complete
  47   1              dat = IAP_DATA;          //Read ISP/IAP/EEPROM data
  48   1              iap_idle();              //Close ISP/IAP/EEPROM function
  49   1              return dat;              //Return Flash data
  50   1      }
  51          /******************************************************************************************
  52                  КЏЪ§ЙІФмЃКIAPБрГЬзжНк
  53                  ШыПкВЮЪ§ЃКaddrЃКБрГЬЕижЗ datЃКБрГЬзжНк
  54                  ЗЕЛиВЮЪ§ЃКЮо    
C51 COMPILER V9.00   IAP                                                                   05/22/2018 18:34:07 PAGE 2   

  55                  КЏЪ§ЫЕУїЃКЮо
  56          *******************************************************************************************/
  57          void iap_program_byte(uint16_t addr, uint8_t dat)
  58          {
  59   1              IAP_CONTR = ENABLE_IAP;  //Open IAP function, and set wait time
  60   1              IAP_CMD = CMD_PROGRAM;   //Set ISP/IAP/EEPROM PROGRAM command
  61   1              IAP_ADDRL = addr;        //Set ISP/IAP/EEPROM address low
  62   1              IAP_ADDRH = addr >> 8;   //Set ISP/IAP/EEPROM address high
  63   1              IAP_DATA = dat;          //Write ISP/IAP/EEPROM data
  64   1              IAP_TRIG = 0x5a;         //Send trigger command1 (0x5a)
  65   1              IAP_TRIG = 0xa5;         //Send trigger command2 (0xa5)
  66   1              _nop_();                 //MCU will hold here until ISP/IAP/EEPROM       //operation complete
  67   1              iap_idle();
  68   1      }
  69          /******************************************************************************************
  70                  КЏЪ§ЙІФмЃКIAPВСГ§ЩШЧј
  71                  ШыПкВЮЪ§ЃКЩШЧјЕижЗ
  72                  ЗЕЛиВЮЪ§ЃКЮо    
  73                  КЏЪ§ЫЕУїЃКЮо
  74          *******************************************************************************************/
  75          void iap_erase_sector(uint16_t addr)
  76          {
  77   1              IAP_CONTR = ENABLE_IAP;   //Open IAP function, and set wait time
  78   1              IAP_CMD = CMD_ERASE;      //Set ISP/IAP/EEPROM ERASE command
  79   1              IAP_ADDRL = addr;         //Set ISP/IAP/EEPROM address low
  80   1              IAP_ADDRH = addr >> 8;    //Set ISP/IAP/EEPROM address high
  81   1              IAP_TRIG = 0x5a;          //Send trigger command1 (0x5a)
  82   1              IAP_TRIG = 0xa5;          //Send trigger command2 (0xa5)
  83   1              _nop_();                  //MCU will hold here until ISP/IAP/EEPROM  //operation complete
  84   1              iap_idle();
  85   1      }


MODULE INFORMATION:   STATIC OVERLAYABLE
   CODE SIZE        =     83    ----
   CONSTANT SIZE    =   ----    ----
   XDATA SIZE       =   ----    ----
   PDATA SIZE       =   ----    ----
   DATA SIZE        =   ----    ----
   IDATA SIZE       =   ----    ----
   BIT SIZE         =   ----    ----
END OF MODULE INFORMATION.


C51 COMPILATION COMPLETE.  0 WARNING(S),  0 ERROR(S)
