C51 COMPILER V9.01   IO_CONFIG                                                             01/30/2016 08:09:38 PAGE 1   


C51 COMPILER V9.01, COMPILATION OF MODULE IO_CONFIG
OBJECT MODULE PLACED IN .\output\io_config.obj
COMPILER INVOKED BY: C:\Keil\C51\BIN\C51.EXE src\io_config.c BROWSE INCDIR(.\inc) DEBUG OBJECTEXTEND PRINT(.\io_config.l
                    -st) OBJECT(.\output\io_config.obj)

line level    source

   1          /********************************************************************************************
   2                  文件: io_config.c
   3                  作者: 罗健
   4                  版本：V1.0
   5                  日期：2016/1/28
   6                  备注：这个文件提供了i/o端口的定义          
   7          *********************************************************************************************/
   8          #include "STC12C5A60S2.h"
   9          #include "io_config.h"


MODULE INFORMATION:   STATIC OVERLAYABLE
   CODE SIZE        =   ----    ----
   CONSTANT SIZE    =   ----    ----
   XDATA SIZE       =   ----    ----
   PDATA SIZE       =   ----    ----
   DATA SIZE        =   ----    ----
   IDATA SIZE       =   ----    ----
   BIT SIZE         =   ----    ----
END OF MODULE INFORMATION.


C51 COMPILATION COMPLETE.  0 WARNING(S),  0 ERROR(S)
