C51 COMPILER V9.01   KEY                                                                   05/05/2017 11:28:08 PAGE 1   


C51 COMPILER V9.01, COMPILATION OF MODULE KEY
OBJECT MODULE PLACED IN .\output\key.obj
COMPILER INVOKED BY: C:\Keil\C51\BIN\C51.EXE src\key.c BROWSE INCDIR(.\inc) DEBUG OBJECTEXTEND PRINT(.\key.lst) OBJECT(.
                    -\output\key.obj)

line level    source

   1          /********************************************************************************************
   2                  匡숭: key.c
   3                  鱗諒: 쭈숯
   4                  경굶：V1.0
   5                  휑퍅：2016/1/28
   6                  구鬧：侶몸匡숭瓊묩죄객숩돨미숭욋           
   7          *********************************************************************************************/
   8          #include "STC12C5A60S2.h"
   9          #include "key.h"
  10          #include "io_config.h"
  11          
  12          
  13          /*******************************************************************************************
  14                  변鑒묘콘：객숩쇱꿎변鑒
  15                  흙왯꽝鑒：轟
  16                  럿쀼꽝鑒：0x00:轟객숩굳객苟，0x01:객숩0굳객苟，0x02:객숩1굳객苟 
  17                  변鑒綱츠：寧늴객苟빈，矜狼偈폅，疼寧늴돨객苟꼽삔街깎，섦怜쇱꿎돕寧늴
  18          ********************************************************************************************/
  19          uint8_t key_down_edge_function(void)
  20          {
  21   1              uint8_t key_value = 0;
  22   1              static uint8_t key_down_flag[5] = {0,0};
  23   1              static uint8_t key_down_conuter[5] = {5,5};             
  24   1              /*******************객숩0털뙤*********************/             
  25   1              if((key0_port != 1) && (key_down_flag[0] != 1))                  //객苟털뙤
  26   1              {
  27   2                      if(key_down_conuter[0] < 10) 
  28   2                      {
  29   3                              key_down_conuter[0] ++;
  30   3                      }
  31   2                      else
  32   2                      {
  33   3                              key_down_flag[0] = 1;
  34   3                              key_value |= 0x01;                                                   //횅땍객숩굳객苟
  35   3                      }       
  36   2              }
  37   1              else if((key0_port == 1) && (key_down_flag[0] != 0))      //偈폅털뙤
  38   1              {
  39   2                      if(key_down_conuter[0] > 1) 
  40   2                      {
  41   3                              key_down_conuter[0] --;
  42   3                      }
  43   2                      else 
  44   2                      {
  45   3                              key_down_flag[0] = 0;                                                   //횅땍객숩굳偈폅
  46   3                              key_value &= ~(0x01);            
  47   3                      }               
  48   2              }
  49   1              else
  50   1              {
  51   2                      key_value &= ~(0x01);   
  52   2              } 
  53   1              /*******************객숩1털뙤*********************/     
  54   1              if((key1_port != 1) && (key_down_flag[1] != 1))                 //객苟털뙤
C51 COMPILER V9.01   KEY                                                                   05/05/2017 11:28:08 PAGE 2   

  55   1              {
  56   2                      if(key_down_conuter[1] < 10) 
  57   2                      {
  58   3                              key_down_conuter[1] ++;
  59   3                      }
  60   2                      else
  61   2                      {
  62   3                              key_down_flag[1] = 1;
  63   3                              key_value |= 0x02;                                                      //횅땍객숩굳객苟
  64   3                      }
  65   2              
  66   2              }
  67   1              else if((key1_port == 1) && (key_down_flag[1] != 0))    //偈폅털뙤
  68   1              {
  69   2                      if(key_down_conuter[1] > 1) 
  70   2                      {
  71   3                              key_down_conuter[1] --;
  72   3                      }
  73   2                      else
  74   2                      {
  75   3                              key_down_flag[1] = 0;
  76   3                              key_value &= ~(0x02);                                               //횅땍객숩굳偈폅
  77   3                      }                                                                                       
  78   2              }
  79   1              else
  80   1              {
  81   2                      key_value &= ~(0x02);   
  82   2              } 
  83   1      
  84   1              return key_value;
  85   1      }
  86          
  87          /*******************************************************************************************
  88                  변鑒묘콘：객숩든틱쇱꿎쇱꿎변鑒
  89                  흙왯꽝鑒：轟
  90                  럿쀼꽝鑒：1:됴든틱   0：멕든틱  
  91                  변鑒綱츠：
  92          ********************************************************************************************/
  93          uint8_t key_level_cheak_function(void)
  94          {
  95   1          static uint8_t level_statu = 0;  
  96   1              static uint8_t level_conuter = 0;
  97   1              if(key2_port == 0)      
  98   1          { 
  99   2                      if(level_conuter < 5)   { level_conuter++;} 
 100   2                      else level_statu = 1;                                                           
 101   2          }
 102   1          else
 103   1              {
 104   2                      if(level_conuter > 0)    { level_conuter--;}     
 105   2                      else level_statu = 0;   
 106   2              }
 107   1              return level_statu;                       
 108   1      }
 109          
 110          
 111          
 112          
 113          
 114          
 115          
 116          
C51 COMPILER V9.01   KEY                                                                   05/05/2017 11:28:08 PAGE 3   

 117          
 118          
 119          
 120          


MODULE INFORMATION:   STATIC OVERLAYABLE
   CODE SIZE        =    147    ----
   CONSTANT SIZE    =   ----    ----
   XDATA SIZE       =   ----    ----
   PDATA SIZE       =   ----    ----
   DATA SIZE        =     12    ----
   IDATA SIZE       =   ----    ----
   BIT SIZE         =   ----    ----
END OF MODULE INFORMATION.


C51 COMPILATION COMPLETE.  0 WARNING(S),  0 ERROR(S)
