C51 COMPILER V9.00   PS2_INT                                                               05/22/2018 18:34:10 PAGE 1   


C51 COMPILER V9.00, COMPILATION OF MODULE PS2_INT
OBJECT MODULE PLACED IN .\output\Ps2_Int.obj
COMPILER INVOKED BY: D:\Keil\C51\BIN\C51.EXE src\Ps2_Int.c LARGE BROWSE INCDIR(.\inc) DEBUG OBJECTEXTEND PRINT(.\Ps2_Int
                    -.lst) OBJECT(.\output\Ps2_Int.obj)

line level    source

   1          /********************************************************************************************
   2                  ОДјю: Ps2_Int.c
   3                  ЧчХЯ: WillJason
   4                  °жұҫЈәV1.0
   5                  ұёЧўЈәХвёцОДјюМб№©БЛНвІҝЦР¶ПәНұаВлҙҰАнөДәҜКэҝв             
   6          *********************************************************************************************/
   7          #include "STC12C5A60S2.h"
   8          #include "Ps2_Int.h"
   9          #include "io_config.h"
  10          #include "uart.h"
  11          #include "global.h"
  12          #include "beep.h"
  13          #include "yx5200.h"
  14          #include "timer.h"
  15          #include "iap.h"
  16          
  17          uint8_t xdata Password_Buf[80]=0;                                                 //НжјТ»тЕдЦГГЬВлИЛФұКдИлөДГЬВл
  18          uint8_t xdata Saved_Password_Buf[60]=0;                       //ЕдЦГәГөДГЬВл
  19          uint8_t xdata Read_Password_Buf[60]=0;                        //ЕдЦГәГөДГЬВл
  20          uint8_t xdata Administrator[12]={0x1B,0x23,0x1C,0x3A,0x72,0x45,0x16,0x36,0x45,0x16,0x16,0x36};  //ҪшИлЕдЦГі
             -МРтГЬВлsdam20160116
  21          
  22          bit Gain_New=0;                                                           //ҪУКХөҪРВөДјьВлКэҫЭұкЦҫО»
  23          bit Key_Up = 1;                                                           //ЕР¶П°ҙјьКЗ·сЛЙҝӘұкЦҫО»
  24          bit Over_Flag = 0;                                                        //
  25          
  26          /********************************************************************************************
  27                  әҜКэ№ҰДЬЈә·ўЛНҙУјьЕМөГөҪөД°ҙјьВлКэҫЭЈ»өчУГІЩЧчәҜКэ
  28                  ИлҝЪІОКэЈәОЮ 
  29                  ·ө»ШІОКэЈәОЮ
  30                  әҜКэЛөГчЈәЕР¶П°ҙјьөДЧЦ·ыКЗ·сКдИлНкұПЈ¬КдИлНкұПҪ«јьЦөКэҫЭНЁ№эҙ®ҝЪ·ўЛНЙПО»»ъЎЈ
  31          ********************************************************************************************/
  32          void Send_Analysis(void)
  33          {                                                                                                                 
  34   1              if(BF != 0)                                                                                       //ҪУКХөҪБЛТ»ёцјьөДјьВл
  35   1              {
  36   2                      BF=0;
  37   2                      //uart1_send_byte(0x33);                                                  //өчКФУГ
  38   2                      uart1_send_byte(Key_Data);
  39   2                      Password_Input(Key_Data);                                         //өчУГІЩЧчәҜКэЈЁҪУКХЎўұЈҙжГЬВлЎўҪвВлКөПЦПаУҰөД№ҰДЬЈ©          
  40   2              }
  41   1      }
  42          /********************************************************************************************
  43                  әҜКэ№ҰДЬЈә°ҙјьЦР¶ПҙҰАнәҜКэ
  44                  ИлҝЪІОКэЈәОЮ 
  45                  ·ө»ШІОКэЈәОЮ
  46                  әҜКэЛөГчЈә»сөГјьЦөІўҪ«Ҫ«јьЦөҙжИлІОКэұдБҝЎЈГҝ°ҙТ»ёцјь»бІъЙъИзПВКэҫЭЈ¬°ҙПВІъЙъТ»Чйҙ®РРКэҫЭЈ¬ЛЙҝӘІъЙъБҪЧйҙ®Р
             -РКэҫЭ
  47                                    өЪТ»О»ОӘЖрКјО»0
  48                                    өЪ¶юО»~өЪҫЕО»ОӘКэҫЭО»ЈЁјҙЙЁГиВлЈ©Ј¬өНО»ҝӘКјҙ«Кд
  49                                    өЪК®О»ЖжЕјРЈСйО»ЎЈИз№ыЙЁГиВлЦР1өДёцКэОӘЖжКэЈ¬ёГО»ИЎ0Ј¬Из№ыЙЁГиВлЦР1өДёцКэОӘЕјКэЈ¬ёГО»ИЎ1
  50                                    өЪК®Т»О»ҪбКшО»Ј¬ёЯөзЖҪЎЈ
  51                                    өұјьЕМ·ўЛНКэҫЭКұЈ¬јьЕМПИҪ«DATA АӯөНЈ¬НЁЦӘЦч»ъЧјұёҪУКХКэҫЭЎЈјьЕМФЪCLKОӘёЯөзЖҪКұҪЁБўКэҫЭЈ¬Цч»ъФЪCLKОӘөН
  52                                    өзЖҪКұ¶БИЎКэҫЭЎЈ·ўЛНКэҫЭөДКұЦУРЕәЕУЙјьЕМІъЙъЎЈ
C51 COMPILER V9.00   PS2_INT                                                               05/22/2018 18:34:10 PAGE 2   

  53          ********************************************************************************************/
  54          void Ps2_Out(void) interrupt 2                            //јьЕМЦР¶ПҙҰАн јьЦөҙжҙўФЪ KeyV ЦР
  55          {
  56   1              
  57   1              if ((IntNum>0) && (IntNum <9))                                            //ИЎіцөЪ¶юО»өҪөЪҫЕО»ЧЬ№ІТ»ёцЧЦҪЪөДКэҫЭЈ¬өЪТ»О»ОӘЖрКјО»
  58   1              {                       
  59   2                      KeyV = KeyV >> 1;                                 //ТтјьЕМКэҫЭКЗөН>>ёЯЈ¬ҪбәПЙПТ»ҫдЛщТФУТТЖТ»О»
  60   2                      if (Ps2_Data != 0)                                  //өұјьЕМКэҫЭПЯОӘ1Кұ   
  61   2                      {KeyV = KeyV | 0x80;}                             //ҙжҙўТ»О»
  62   2              }
  63   1              IntNum++;                                             //ЦР¶ПҙОКэјУТ»(ЦР¶ПТ»ҙОҪУКХТ»О»КэҫЭ)
  64   1              if (IntNum > 10)                                      //ЦР¶П11ҙОәуКэҫЭ·ўЛННкұП
  65   1              {   
  66   2                      IntNum = 0;                                       //өұЦР¶П11ҙОәуұнКҫТ»ЦЎКэҫЭКХНкЈ¬ЗеұдБҝЧјұёПВТ»ҙОҪУКХ
  67   2                      led_port = ~led_port;                                                     //өчКФУГ
  68   2                      /*********************КэҫЭҙҰАн*********************/
  69   2                      Make_Code=KeyV;                                                                   //ҪУКХөҪөДјьЕМВлЈәНЁВлЈ¬¶ПВл0xF0Ј¬өИөИЈЁХвАпҪцЖрБЛёцНЁВлMake_CodeөДГыЧЦ¶шТСЈ©
  70   2                      if(Make_Code == 0xF0)                                                     //Из№ыҪУКХөҪ0xF0Ј¬өҘ¶АБфЧЎЈ¬И·¶ЁКХөҪ0xF0
  71   2                      {
  72   3                              isCode_F0=Make_Code;                                              //¶ПВлөЪТ»О»КэҫЭ0xF0ұЈҙж
  73   3                      }
  74   2                      //uart1_send_byte(Make_Code);                                     //өчКФУГ
  75   2                      Gain_New=1;                                                                               //ҪУКХөҪРВөДЧЦҪЪөДКэҫЭұкЦҫ
  76   2              }                                                                       
  77   1      }
  78          /********************************************************************************************
  79                  әҜКэ№ҰДЬЈәНвІҝЦР¶ПәҜКэЦРөДұдБҝЗеБг
  80                  ИлҝЪІОКэЈәОЮ
  81                  ·ө»ШІОКэЈәОЮ
  82                  әҜКэЛөГчЈәНвІҝЦР¶ПәҜКэЦРөДұдБҝЗеБг
  83          ********************************************************************************************/
  84          void Ps2_Out_Free(void)
  85          {
  86   1              KeyV=0;
  87   1              Make_Code=0;                                                                      //ҪУКХөҪөДјьЕМВлЈәНЁВлЈ¬¶ПВл0xF0Ј¬өИөИЈЁХвАпҪцЖрБЛёцНЁВлMake_CodeөДГыЧЦ¶шТСЈ©
  88   1              isCode_F0=0;                                              //¶ПВлөЪТ»О»КэҫЭ0xF0ұЈҙж
  89   1              Gain_New=0;
  90   1      }
  91          /********************************************************************************************
  92                  әҜКэ№ҰДЬЈә»сөГјьЦө
  93                  ИлҝЪІОКэЈәОЮ 
  94                  ·ө»ШІОКэЈәОЮ
  95                  әҜКэЛөГчЈә»сөГјьЦө
  96          ********************************************************************************************/
  97          void Gain_Key_Data(void)
  98          {
  99   1              if(Gain_New==1)                                                                           //ҪУКХөҪРВөДЧЦҪЪКэҫЭЈ¬ұкЦҫО»ЦГ1
 100   1              {       if(Key_Up == 0)                                                                   //ЕР¶П°ҙјьКЗ·сМ§ЖрЈә0-ОҙМ§ЖрЈ»1-ТСМ§Жр
 101   2                      {       if(isCode_F0 == 0xF0)                                             //°ҙјьМ§ЖрКұ
 102   3                              {       
 103   4                                      isCode_F0=0;
 104   4                                      //relay_port =~relay_port;                                //өчКФУГ
 105   4                                      //uart1_send_byte(0xF0);                                  //өчКФУГ
 106   4                                      Over_Flag = 1;
 107   4                                      BF=1;}                                                                    //ұнКҫҪУКХНкіЙТ»ёцјьЦөөДКэҫЭ
 108   3                      }       
 109   2                      else
 110   2                      {  
 111   3                         Gain_New=0;                                                                    //ЗеіэұкЦҫО»Ј¬ЧјұёҪУКХПВТ»ёцКэҫЭ
 112   3                         //uart1_send_byte(Make_Code);                                          //өчКФУГ
 113   3                         Key_Data=Make_Code;                                                    //Ҫ«өГөҪөДНЁВлұЈҙжЖрАҙЛНёшPassword_InputәҜКэЈЁЦ®әу
 114   3                                                                                                                        //Из№ыјмІвөҪЛЙҝӘёГ°ҙјьІўЗТёГ°ҙјьУРР§Ј¬ФтұЈҙжОӘТ»О»ГЬВлЈ©
C51 COMPILER V9.00   PS2_INT                                                               05/22/2018 18:34:10 PAGE 3   

 115   3                         Decode();//                                                                    //ЕР¶ПјьЦөКЗ·сУРР§Ј¬·дГщЖчГщЙщ
 116   3                         Key_Up=0;                                                                      //ұкЦҫО»ЗеБгЈ¬өИҙэЛЙҝӘ°ҙјьЈЁјҙМ§Жр°ҙјьЈ©
 117   3                      }
 118   2              }          
 119   1              if(Over_Flag == 1)                                                            //Из№ыКЗF0 ФтВЛөфКЈУаөДҪбКшВл
 120   1              {
 121   2                      delay_ms(10);                                                                     //СУКұКұјдұЈЦӨҪбКшВлТӘҙ«өЭНкБЛ
 122   2                      Over_Flag = 0;
 123   2                      Key_Up = 1;                                                                       //И·¶ЁМ§КЦәуЈ¬ЦШРВҝӘКјЧјұёҪбКшУРР§Вл
 124   2                      Gain_New = 0;                                                             //ұкК¶ЧЦ·ы            
 125   2              }
 126   1      }
 127          /********************************************************************************************
 128                  әҜКэ№ҰДЬЈәЕР¶ПјьЦөКЗ·сУРР§Ј¬·дГщЖчГщЙщ
 129                  ИлҝЪІОКэЈәОЮ 
 130                  ·ө»ШІОКэЈәОЮ
 131                  әҜКэЛөГчЈәЕР¶ПјьЦөКЗ·сУРР§
 132                                    »ШіөјьЈәУГАҙИ·¶ЁКдИлЈ¬КдИлГЬВләуұШРл°ҙПВ»ШіөјьИ·ИПЎЈ°ҙПВ»Шіөјьәу·дГщ2ЙщЈЁПм100msЎўНЈ50msЎўПм100msЈ©Ј»
 133                                    »ШёсјьЈә2ёц°ҙјь№ҰДЬПаН¬Ј¬УГАҙЗеіэЛщУРКдИлЈ¬°ҙПВ°ҙјь·дГщ2ЙщЈЁПм100msЎўНЈ50msЎўПм100msЈ©Ј»
 134                                    ЖдЛы°ҙјьЈәУГАҙұнКҫГЬВлЈ¬°ҙПВ°ҙјь·дГщ1ЙщЈЁ100msЈ©Ј»
 135          ********************************************************************************************/
 136          void Decode(void)
 137          {
 138   1              switch(Make_Code)                                                                         //ЕР¶ПНЁВл
 139   1              {
 140   2                      /*********************ФЛЛг·ы*******************************/
 141   2                      case 0x79:                                                                        //јУ·Ё
 142   2                      case 0x7B:                                                                        //јх·Ё
 143   2                      case 0x7C:                                                                        //іЛ·Ё
 144   2                      //case 0xE0 0x4A:                                                         //іэ·Ё
 145   2                      /*********************РЎКэөг*******************************/
 146   2                      //case 0x49:                                                                      //ЦчјьЕМРЎКэөг
 147   2                      case 0x71:                                                                        //РЎјьЕМРЎКэөг
 148   2                      /*********************ҝХёсјь*******************************/
 149   2                      case 0x29:
 150   2                      /******************ЦчјьЕМКэЧЦЗш****************************/
 151   2                      case 0x45:                                                                        //КэЧЦ0
 152   2                      case 0x16:                                                                        //КэЧЦ1
 153   2                      case 0x1E:                                                                        //КэЧЦ2
 154   2                      case 0x26:                                                                        //КэЧЦ3
 155   2                      case 0x25:                                                                        //КэЧЦ4
 156   2                      case 0x2E:                                                                        //КэЧЦ5
 157   2                      case 0x36:                                                                        //КэЧЦ6
 158   2                      case 0x3D:                                                                        //КэЧЦ7
 159   2                      case 0x3E:                                                                        //КэЧЦ8
 160   2                      case 0x46:                                                                        //КэЧЦ9
 161   2                      /******************РЎјьЕМКэЧЦЗш****************************/
 162   2                      case 0x70:                                                                        //КэЧЦ0
 163   2                      case 0x69:                                                                        //КэЧЦ1
 164   2                      case 0x72:                                                                        //КэЧЦ2
 165   2                      case 0x7A:                                                                        //КэЧЦ3
 166   2                      case 0x6B:                                                                        //КэЧЦ4
 167   2                      case 0x73:                                                                        //КэЧЦ5
 168   2                      case 0x74:                                                                        //КэЧЦ6
 169   2                      case 0x6C:                                                                        //КэЧЦ7
 170   2                      case 0x75:                                                                        //КэЧЦ8
 171   2                      case 0x7D:                                                                        //КэЧЦ9
 172   2                      /******************ЧЦДёЗш******************************/
 173   2                      case 0x1C:                                                                        //ЧЦДёA
 174   2                      case 0x32:                                                                        //ЧЦДёB
 175   2                      case 0x21:                                                                        //ЧЦДёC
 176   2                      case 0x23:                                                                        //ЧЦДёD
C51 COMPILER V9.00   PS2_INT                                                               05/22/2018 18:34:10 PAGE 4   

 177   2                      case 0x24:                                                                        //ЧЦДёE
 178   2                      case 0x2B:                                                                        //ЧЦДёF
 179   2                      case 0x34:                                                                        //ЧЦДёG
 180   2                      case 0x33:                                                                        //ЧЦДёH
 181   2                      case 0x43:                                                                        //ЧЦДёI
 182   2                      case 0x3B:                                                                        //ЧЦДёJ
 183   2                      case 0x42:                                                                        //ЧЦДёK
 184   2                      case 0x4B:                                                                        //ЧЦДёL
 185   2                      case 0x3A:                                                                        //ЧЦДёM
 186   2                      case 0x31:                                                                        //ЧЦДёN
 187   2                      case 0x44:                                                                        //ЧЦДёO
 188   2                      case 0x4D:                                                                        //ЧЦДёP
 189   2                      case 0x15:                                                                        //ЧЦДёQ
 190   2                      case 0x2D:                                                                        //ЧЦДёR
 191   2                      case 0x1B:                                                                        //ЧЦДёS
 192   2                      case 0x2C:                                                                        //ЧЦДёT
 193   2                      case 0x3C:                                                                        //ЧЦДёU                 
 194   2                      case 0x2A:                                                                        //ЧЦДёV                 
 195   2                      case 0x1D:                                                                        //ЧЦДёW                 
 196   2                      case 0x22:                                                                        //ЧЦДёX                 
 197   2                      case 0x35:                                                                        //ЧЦДёY
 198   2                      case 0x1A: Impactful_Key=1;Other_Beep();Make_Code=0;//  //·дГщЖч№ӨЧч //ЧЦДёZ
 199   2                                       break;
 200   2                      case 0x5A: Enter_Beep();Make_Code=0;              //»Шіөјь
 201   2                                       break;
 202   2                      case 0x66:Backspace_Beep();Make_Code=0;           //»Шёсјь
 203   2                      default:
 204   2                                      break;
 205   2      
 206   2              }
 207   1      }
 208          /********************************************************************************************
 209                  әҜКэ№ҰДЬЈәҪУКХЎўұЈҙжГЬВлЎўҪвВлКөПЦПаУҰөД№ҰДЬ
 210                  ИлҝЪІОКэЈәјьВлКэҫЭ-НЁВл
 211                  ·ө»ШІОКэЈәОЮ
 212                  әҜКэЛөГчЈәҪУКХЎўұЈҙжГЬВлЎўҪвВлКөПЦПаУҰөД№ҰДЬ
 213          ********************************************************************************************/
 214          void Password_Input(uint8_t Password_One)  
 215          {
 216   1              uint16_t i;
 217   1              uint16_t passWordNum;
 218   1              TR0=0;
 219   1              
 220   1              if(Password_One == 0x5A)                                  //КдИлГЬВлҪУКХНкіЙ
 221   1              {       
 222   2                      TR0=0;                                                                                    //№ШұХ¶ЁКұ
 223   2                      if(Config_Password_State != 0)                                //ЕР¶ПіМРтКЗ·сФЪЕдЦГГЬВліМРтЧҙМ¬
 224   2                      {                                         
 225   3                              if(Player_Input_Num >= 60)                                        //Из№ыЙиЦГөДГЬВлҙуУЪ60О»Ј¬ФтұЈҙжЗ°60О»
 226   3                              {
 227   4                                      iap_erase_sector(IAP_ADDRESS);                    //ІБіэөШЦ·ОӘ0x0000ҙуРЎОӘ0.5KЧЦҪЪөДЙИЗш
 228   4                                      for(i=60;i<Player_Input_Num;i++)                  //Т»¶ЁТӘЗеіэКдИл60О»Ц®әуөДјьЦөКэҫЭЈ¬·сФт»бУ°ПмөҪәуГжЕР¶ПГЬВлКЗ·сТ»
             -ЦВөДіМРт
 229   4                                      {
 230   5                                              Password_Buf[i]=0;                                    //Сӯ»·Зеіэ60О»Ц®әуГЬВл»әіеЗшөДГҝТ»О»КэҫЭ
 231   5                                      }
 232   4                                      Player_Input_Num=60;                                      //ПаөұУЪҪцҪУКХөҪБЛЗ°60О»өДГЬВлКэҫЭ
 233   4                                      for(i=0;i<Player_Input_Num;i++)                   //Сӯ»·°СЗ°60О»ГҝТ»О»ГЬВлұЈҙжЖрАҙ
 234   4                                      { 
 235   5                                              Saved_Password_Buf[i]=Password_Buf[i];//Ҫ«КдИлөДГЬВлұЈҙжЖрАҙ
 236   5                                              iap_program_byte(IAP_ADDRESS+i+1, Saved_Password_Buf[i]); //ҝӘКјөДөЪТ»ёцЧЦҪЪОӘГЬВлКэДҝ
 237   5                                      }       
C51 COMPILER V9.00   PS2_INT                                                               05/22/2018 18:34:10 PAGE 5   

 238   4                              }
 239   3                              else if(!Player_Input_Num)                                        //Из№ыЙиЦГөДГЬВлОӘ0О»ЈЁГЬВлЙиЦГөДКұәтЦұҪУ°ҙEnterЈ©Ј¬ұЈҙжФӯУРөДГЬВл
 240   3                              {
 241   4                                      //relay_port =~relay_port;                                //өчКФУГ
 242   4                                      Player_Input_Num=iap_read_byte(IAP_ADDRESS);//Ҫ«ФӯПИұЈҙжөДГЬВлКэҫЭөДёцКэИЎіцЈ¬ФЪEEPROMөД0x0000өШЦ·өДөЪ
             -Т»ёцЧЦҪЪ
 243   4                                                                                                                          //Из№ыІ»ИЎіцФтПаөұУЪКдИлөДГЬВлөДёцКэКЗ0О»Ј¬ХвСщҫНІ»ДЬұЈҙжФӯУРөДГЬВлБЛ
 244   4                                      if(Player_Input_Num >= 60)                                //өЪТ»ҙОЙПөзEEPROMөДөЪТ»ёцЧЦҪЪОӘОҙЦӘКэҫЭЈ¬ҙЛКұИз№ыЙиЦГГЬВлОӘ0О»Ј¬ДЗГҙП
             -ө                                                                                                
 245   4                                      {                                                                                 //НіҪ«»бОЙВТЈ»ҪвҫцҙлК©ЈәИз№ыөЪТ»ЧЦҪЪҙуУЪ60О»ФтЗе0Ј¬ПаөұУЪФӯПИұЈҙжөДГЬВл
 246   5                                              Player_Input_Num=0;                                   //өДёцКэОӘ0ёцЈ¬ұЈЦӨПөНіІ»»бОЙВТ
 247   5                                      }
 248   4                              }                  
 249   3                              else
 250   3                              {
 251   4                                      iap_erase_sector(IAP_ADDRESS);                    //ІБіэөШЦ·ОӘ0x0000ҙуРЎОӘ0.5KЧЦҪЪөДЙИЗш
 252   4                                      for(i=0;i<Player_Input_Num;i++)                   //Сӯ»·°СГҝТ»О»ГЬВлұЈҙжЖрАҙ
 253   4                                      { 
 254   5                                              Saved_Password_Buf[i]=Password_Buf[i];//Ҫ«КдИлөДГЬВлұЈҙжЖрАҙ
 255   5                                              iap_program_byte(IAP_ADDRESS+i+1, Saved_Password_Buf[i]); //ҝӘКјөДөЪТ»ёцЧЦҪЪОӘГЬВлКэДҝ
 256   5                                      }
 257   4                              }
 258   3                                                                                                                                        
 259   3                              i=0;  
 260   3                              Password_Size=Player_Input_Num;                           //өГөҪКдИлГЬВлөДО»Кэ
 261   3                              iap_program_byte(IAP_ADDRESS, Password_Size); //Ҫ«ГЬВлКэДҝРҙИлEEprom
 262   3                              Finish_Config=1;                                                          //ГЬВлЕдЦГНкіЙ
 263   3                              //relay_port =~relay_port;                                        //өчКФУГ
 264   3                      }
 265   2                      else                                                                                      //ҪУКХГЬВлҪшРРҝӘЛшЙПЛшЈ»ЕР¶ПКЗ·сҪшИлЕдЦГГЬВлДЈКҪ
 266   2                      {
 267   3                              //relay_port =~relay_port;                                        //өчКФУГ
 268   3                              passWordNum=iap_read_byte(IAP_ADDRESS);           //»сИЎГЬВлО»Кэ
 269   3                              for(i=0;i<passWordNum;i++)
 270   3                              {
 271   4                                      Read_Password_Buf[i]=iap_read_byte(IAP_ADDRESS+i+1);//ҙУEEPROMЦРИЎіцХэИ·өДГЬВлКэҫЭ
 272   4                              }
 273   3                              isTruePassWord=Password_Determine(&Password_Buf[0],&Read_Password_Buf[0],passWordNum); //ІйҝҙГЬВлКЗ·сХэ
             -И·          Password_Size
 274   3                              isTruePassWord_In30s=Password_Determine(&Password_Buf[0],&Administrator[0],12);  //ЙПөз30sДЪКдИлКдИлЕдЦ
             -ГГЬВлЈәsdam20160116Ј¬КдИлХэИ·ҝЙТФЕдЦГ
 275   3                              if(isTruePassWord != 0)                                       //ІйҝҙГЬВлКЗ·сХэИ·
 276   3                              {
 277   4                                      
 278   4                                      relay_port =~relay_port;                                  //relay_port= 0ОӘҝӘЛшЧҙМ¬
 279   4                                      
 280   4                                      music.folder_num= music.folder_num^0x0003;//Тм»тФЛЛгЈ¬0x0101Тм»т0x0003ОӘ0x0102,0x0102Тм»т0x0003ОӘ0x010
             -1Ј¬Тм»тИЎ·ҙФЛЛг
 281   4                                      Play_Set_Sound(music.folder_num);                 //ІҘ·ЕЦё¶ЁөДТфАЦОДјю
 282   4                                      Ps2_Out_Free();                                                   //Ҫ«ЦР¶П·юОсәҜКэЦРөДұдБҝЗеБгЈ¬ТФЧјұёҪУКХЦ®әуКдИлөДјьЦө
 283   4                                      
 284   4                              }
 285   3                              isIn_30s();                                                                       //ЕР¶ПјЖКұКұјдКЗ·сөҪҙп30s
 286   3                              if(!Finish_30s)                                                           //ЕР¶ПКЗ·сФЪҝӘКјөД30sДЪ,·ө»ШЦөОӘ0ҙъұн»№ФЪ30sДЪЈ¬30sДЪҝЙТФҪшИлЕдЦГДЈКҪ 
 287   3                              {
 288   4                                      TR0=1;                                                                    //Жф¶Ҝ¶ЁКұЖчЈЎИз№ыҝӘКјөД30sДЪЈ¬№ШұХ¶ЁКұЖч»бУ°Пм30sөДјЖКұЈЁ30sјЖКұУГ¶ЁКұЖч0Ј©
 289   4                                      //relay_port =~relay_port;                                //өчКФУГ                              
 290   4                                      if(isTruePassWord_In30s != 0)                             //ІйҝҙҪшИлЕдЦГДЈКҪКдИлөДГЬВлКЗ·сХэИ·
 291   4                                      {
 292   5                                              //relay_port =~relay_port;                        //өчКФУГ
 293   5                                              isTruePassWord_In30s=0;       
 294   5                                              Allow_Set_Password=1;                             //ҪшИлГЬВлЕдЦГДЈКҪЈ¬ЙиЦГГЬВл
C51 COMPILER V9.00   PS2_INT                                                               05/22/2018 18:34:10 PAGE 6   

 295   5                                      }
 296   4                                      else
 297   4                                      {Administrator_Ok=0;}                                     //ГЬВлҙнОу
 298   4                                      Clean_Time0_Paramater();                                  //ЗеБгјЖКұөДІОКэ,·АЦ№У°ПмПВТ»ҙОјЖКұөДЧјИ·РФ
 299   4                                      Password_Free(0x3C);                                      //60О»ГЬВлҝХјдИ«ІҝЗеБгЈЁЗеіэ©
 300   4                              }
 301   3      
 302   3      
 303   3                      }               
 304   2                      Password_Free(Player_Input_Num);                                  //ГЬВлКдИлНкіЙЈ¬ЗеҝХГЬВлКдИлөД»әіеЗш
 305   2                      Start_10s=0;                                                                      //јЖКұұкЦҫО»Зе0Ј¬НЈЦ№јЖКұ
 306   2                      Player_Input_Num=0;                                                               //ГЬВлКдИл»әіеЗшЦРГЬВлКэДҝЗеБг
 307   2              }       
 308   1              else if((Password_One == 0x66)||(Password_One == 0x71))   //ЗеіэјьәН»ШёсјьЈәЛщУРКдИлЗеіэ
 309   1              {
 310   2                      Password_Free(Player_Input_Num);                                  //ЗеҝХГЬВлКдИлөД»әіеЗш
 311   2                      TR0=1;                                                                                    //Жф¶Ҝ¶ЁКұЖчЈЎИз№ыҝӘКјөД30sДЪЈ¬№ШұХ¶ЁКұЖч»бУ°Пм30sөДјЖКұЈЁ30sјЖКұУГ¶ЁКұЖч0Ј©
 312   2                      Start_10s=0;                                                                      //Т»ёц10sЕР¶ПұкЦҫО»ЈәИз№ы10sДЪГ»УРЖдЛыГЬВлКдИлФтЗеҝХТСКдИлөДГЬВлЈәЖф¶ҜјЖКұ
 313   2                      Clean_Time0_Paramater();                                                  //ЗеБгјЖКұөДІОКэ
 314   2                      Player_Input_Num=0;                                                               //ГЬВлКдИл»әіеЗшЦРГЬВлКэДҝЗеБг
 315   2              }
 316   1              else
 317   1              {
 318   2                      if(Impactful_Key != 0)                                                    //ЕР¶П°ҙјьКЗ·сКЗУРР§°ҙјьЈ¬ОЮР§ФтІ»јЗВјОӘКдИлөДГЬВл
 319   2                      {
 320   3                              if(Password_One == 0x70){Password_One=0x45;}  //РЎјьЕМКэЧЦ0әНЦчјьЕМКэЧЦ0өИР§
 321   3                              if(Password_One == 0x69){Password_One=0x16;}  //РЎјьЕМКэЧЦ1әНЦчјьЕМКэЧЦ1өИР§
 322   3                              if(Password_One == 0x72){Password_One=0x1E;}  //РЎјьЕМКэЧЦ2әНЦчјьЕМКэЧЦ2өИР§
 323   3                              if(Password_One == 0x7A){Password_One=0x26;}  //РЎјьЕМКэЧЦ3әНЦчјьЕМКэЧЦ3өИР§
 324   3                              if(Password_One == 0x6B){Password_One=0x25;}  //РЎјьЕМКэЧЦ4әНЦчјьЕМКэЧЦ4өИР§
 325   3                              if(Password_One == 0x73){Password_One=0x2E;}  //РЎјьЕМКэЧЦ5әНЦчјьЕМКэЧЦ5өИР§
 326   3                              if(Password_One == 0x74){Password_One=0x36;}  //РЎјьЕМКэЧЦ6әНЦчјьЕМКэЧЦ6өИР§
 327   3                              if(Password_One == 0x6C){Password_One=0x3D;}  //РЎјьЕМКэЧЦ7әНЦчјьЕМКэЧЦ7өИР§
 328   3                              if(Password_One == 0x75){Password_One=0x3E;}  //РЎјьЕМКэЧЦ8әНЦчјьЕМКэЧЦ8өИР§
 329   3                              if(Password_One == 0x7D){Password_One=0x46;}  //РЎјьЕМКэЧЦ9әНЦчјьЕМКэЧЦ9өИР§
 330   3      
 331   3                              Password_Save(Password_One,Player_Input_Num); //ұЈҙжГЬВл
 332   3                              Player_Input_Num++;
 333   3                              if(Player_Input_Num>=70)                                          //ГЬВлІ»өГі¬№эБщК®О»
 334   3                              {
 335   4                                      Player_Input_Num=0x46;
 336   4                                      //Password_Free(0x3C);                                    //60О»ГЬВлҝХјдИ«ІҝЗеБгЈЁЗеіэЈ©
 337   4                                      //relay_port =~relay_port;                                //өчКФУГ
 338   4                              }       
 339   3                              Clean_Time0_Paramater();                                          //ЗеБгјЖКұөДІОКэ,ЦШРВјЖКұ
 340   3                              TR0=1;                                                                            //Жф¶Ҝ¶ЁКұЖч
 341   3                              Start_10s=1;                                                              //Т»ёц10sЕР¶ПұкЦҫО»ЈәИз№ы10sДЪГ»УРЖдЛыГЬВлКдИлФтЗеҝХТСКдИлөДГЬВл      
 342   3                              Impactful_Key=0;                                                          //·АЦ№ПВТ»ёц·ЗУРР§°ҙјьұ»ОуИПОӘКЗУРР§
 343   3                      }               
 344   2              }       
 345   1      }
 346          
 347          /********************************************************************************************
 348                  әҜКэ№ҰДЬЈәЕР¶ПБ¬РшөД10ГлДЪКЗ·сУРКдИл
 349                  ИлҝЪІОКэЈәОЮ
 350                  ·ө»ШІОКэЈәОЮ
 351                  әҜКэЛөГчЈәөұУОП·НжјТҝӘКјКдИлГЬВлЈ¬ЕР¶ПБ¬Рш10ГлКЗ·сУРКдИлЈ»ИфГ»УРФтЗеіэЛщУРКдИлЧҙМ¬
 352          ********************************************************************************************/
 353          void Determine_10s(void)
 354          {
 355   1              if((Key_Data != 0)&&(Start_10s != 0))         //УРГЬВлКдИлІўЗТЖф¶Ҝ10sјЖКұ
 356   1              {
C51 COMPILER V9.00   PS2_INT                                                               05/22/2018 18:34:10 PAGE 7   

 357   2                      if(timer0_10s() != 0)                                                     //Из№ыОӘ1Ј¬ҙъұн10sјЖКұНкіЙЛөГчБ¬Рш10sГ»УРКдИл
 358   2                      {
 359   3                              Password_Free(0x3C);                                          //60О»ГЬВлҝХјдИ«ІҝЗеБгЈЁЗеіэЈ©
 360   3                              //relay_port =~relay_port;                                        //өчКФУГ
 361   3                              Start_10s=0;                                                              //ЗеіэұкЦҫО»
 362   3                              Player_Input_Num=0;                                                       //ГЬВлКдИл»әіеЗшЦРГЬВлКэДҝЗеБг
 363   3                      }
 364   2              } 
 365   1      }
 366          /********************************************************************************************
 367                  әҜКэ№ҰДЬЈәЕР¶ПјЖКұКұјдКЗ·сөҪҙп30s
 368                  ИлҝЪІОКэЈәОЮ
 369                  ·ө»ШІОКэЈәОЮ
 370                  әҜКэЛөГчЈәЕР¶ПјЖКұКұјдКЗ·сөҪҙп30sЈ¬өҪҙп30sФтҪ«ұкЦҫО»ЛАЛшЧЎ
 371          ********************************************************************************************/
 372          void isIn_30s(void)
 373          {                                                                               
 374   1              if(!Finish_30s)                                                                           //·ө»ШЦөОӘ0ұнКҫПЦФЪОҙөҪ30sЈ¬ФтҪшИлЕР¶ПКЗ·сКЗ·сјЖКұНкұПЈ»·сФтұнКҫјЖКұНкұП
 375   1              {
 376   2                      Finish_30s=timer0_30s();                                                  //ҪУКХ·ө»ШЦө
 377   2              }
 378   1      }                                          
 379          /********************************************************************************************
 380                  әҜКэ№ҰДЬЈәҪшИлГЬВлЕдЦГДЈКҪЈ¬УЙНжјТЙи¶ЁЕдЦГөДГЬВл
 381                  ИлҝЪІОКэЈәОЮ
 382                  ·ө»ШІОКэЈәОЮ
 383                  әҜКэЛөГчЈәЙиЦГГЬВл
 384          ********************************************************************************************/
 385          void Player_Set_Password(void)
 386          {
 387   1              if(Allow_Set_Password)
 388   1              {
 389   2                      Allow_Set_Password=0;
 390   2                      Play_Set_Sound(0x0202);                                               //ІҘ·ЕЦё¶ЁөДТфАЦОДјю
 391   2                      Ps2_Out_Free();                                                                   //Ҫ«ЦР¶П·юОсәҜКэЦРөДұдБҝЗеБгЈ¬ТФЧјұёҪУКХЦ®әуКдИлөДјьЦө
 392   2                      while(!Finish_Config)
 393   2                      {
 394   3                              Config_Password_State=1;
 395   3                              Send_Analysis();                                                          //өчУГІЩЧчәҜКэЈЁҪУКХЎўұЈҙжГЬВлЎўҪвВлКөПЦПаУҰөД№ҰДЬЈ©
 396   3                              //Decode();                                                                       //ЕР¶ПјьЦөКЗ·сУРР§    ·дГщЖч№ӨЧч
 397   3                              Gain_Key_Data();
 398   3              
 399   3                      }
 400   2                      Config_Password_State=0;                                                  //МшіцГЬВлЕдЦГДЈКҪ
 401   2                      Play_Set_Sound(0x0203);                                               //ІҘ·ЕЦё¶ЁөДТфАЦОДјю
 402   2                      Ps2_Out_Free();                                                                   //Ҫ«ЦР¶П·юОсәҜКэЦРөДұдБҝЗеБгЈ¬ТФЧјұёҪУКХЦ®әуКдИлөДјьЦө
 403   2                      Password_Free(0x3C);                                                      //60О»ГЬВлҝХјдИ«ІҝЗеБгЈЁЗеіэЈ©
 404   2              }       
 405   1      }
 406          /********************************************************************************************
 407                  әҜКэ№ҰДЬЈәГЬВлКэЦөЕР¶ПКЗ·сТ»ЦВ
 408                  ИлҝЪІОКэЈәНжјТКдИлНкіЙөДГЬВл--Player_PasswordЈ»ЙиЦГәГөДГЬВл--Fix_PasswordЈ»ГЬВлөДКэДҝ
 409                  ·ө»ШІОКэЈә1--ГЬВлТ»ЦВЈ»0--ГЬВлІ»Т»ЦВЎЈ
 410                  әҜКэЛөГчЈәГЬВлКэЦөЕР¶ПКЗ·сТ»ЦВЈ¬ЕР¶ПКдИлөДГЬВлКЗ·сУлЙиЦГәГөД
 411                                    ГЬВлТ»ЦВЈ¬Т»ЦВөД»°·ө»Ш1Ј¬І»Т»ЦВ·ө»Ш0
 412          ********************************************************************************************/
 413          uint8_t Password_Determine(uint8_t *Player_Password, uint8_t *Fix_Password,uint8_t Num)
 414          {
 415   1              uint8_t i=0;
 416   1              uint8_t j=0;
 417   1              for(i=0;i<Num;i++)
 418   1              {  
C51 COMPILER V9.00   PS2_INT                                                               05/22/2018 18:34:10 PAGE 8   

 419   2                      if(*(Player_Password+j)==*(Fix_Password+j))
 420   2                      {
 421   3                              j++;
 422   3                              if((j>=Num)&&(!(*(Player_Password+j))))           //Из№ыГЬВлНкИ«Т»ЦВЈЁNumО»өДГЬВлТ»ЦВІўЗТЦ®әуНжјТГ»УРјМРшКдИлГ
             -ЬВлЈ©
 423   3                              {
 424   4                                      i=0;
 425   4                                      j=0;
 426   4                                      return 1;                                                                 //·ө»Ш1ҙъұнКдИлөДГЬВләНХэИ·өДГЬВлТ»ЦВ
 427   4                              }
 428   3                      }
 429   2                      else
 430   2                      {i=0;j=0;return 0;}                                                               //·ө»Ш0ҙъұнКдИлөДГЬВләНХэИ·өДГЬВлІ»Т»ЦВ
 431   2              }
 432   1              i=0;j=0;return 0;
 433   1      }
 434          
 435          /********************************************************************************************
 436                  әҜКэ№ҰДЬЈәГЬВлЗеҝХәҜКэ
 437                  ИлҝЪІОКэЈәЗеіэ»әіеЗшО»КэКэДҝ
 438                  ·ө»ШІОКэЈәОЮ
 439                  әҜКэЛөГчЈә¶ФНжјТКдИлөДГЬВлЗеіэЎЈ
 440          ********************************************************************************************/
 441          void Password_Free(uint8_t Num)
 442          {
 443   1              uint8_t i;
 444   1              for(i=0;i<Num;i++)
 445   1              {
 446   2                      Password_Buf[i]=0;                                                                //Сӯ»·ЗеіэГЬВл»әіеЗшөДГҝТ»О»КэҫЭ
 447   2              }
 448   1      }
 449          /********************************************************************************************
 450                  әҜКэ№ҰДЬЈәГЬВлұЈҙжәҜКэ
 451                  ИлҝЪІОКэЈәНжјТТ»ёцјьЦөГЬВлКэҫЭЈ»ұЈҙжФЪ»әіеЗшөДО»ЦГЧшұк
 452                  ·ө»ШІОКэЈәОЮ
 453                  әҜКэЛөГчЈәҪ«НжјТКдИлөДГЬВлҪшРРҙжҙў
 454          ********************************************************************************************/
 455          void Password_Save(uint8_t Player_Password,uint8_t i)
 456          {
 457   1              Password_Buf[i]=Player_Password;                                          //Ҫ«өГөҪөДјьЦөКэҫЭұЈҙжөҪ»әіеЗш
 458   1      }
 459          
 460          


MODULE INFORMATION:   STATIC OVERLAYABLE
   CODE SIZE        =   1399    ----
   CONSTANT SIZE    =   ----    ----
   XDATA SIZE       =    237      12
   PDATA SIZE       =   ----    ----
   DATA SIZE        =   ----    ----
   IDATA SIZE       =   ----    ----
   BIT SIZE         =      3    ----
END OF MODULE INFORMATION.


C51 COMPILATION COMPLETE.  0 WARNING(S),  0 ERROR(S)
