C51 COMPILER V9.00   UART                                                                  05/22/2018 18:34:08 PAGE 1   


C51 COMPILER V9.00, COMPILATION OF MODULE UART
OBJECT MODULE PLACED IN .\output\uart.obj
COMPILER INVOKED BY: D:\Keil\C51\BIN\C51.EXE src\uart.c LARGE BROWSE INCDIR(.\inc) DEBUG OBJECTEXTEND PRINT(.\uart.lst) 
                    -OBJECT(.\output\uart.obj)

line level    source

   1          /**********************************************************************************
   2                  文件: uart.c
   3                  作者: WillJason
   4                  版本：V1.0
   5                  备注：这个文件提供了串口模块的固件库       
   6          ***********************************************************************************/
   7          #include "STC12C5A60S2.h"
   8          #include "uart.h"
   9          
  10          #define FOSC  11059200           //单片机晶振频率                          
  11          #define BAUD  9600               //串口波特率
  12          
  13          bit uart1_busy_flag = 0;         //串口1发送忙标志
  14          
  15          /***********************************************************************************
  16                  功能描述：串口1初始化
  17                  入口参数：无
  18                  返回参数：无    
  19                  函数说明：注意晶振为11059200 
  20          ************************************************************************************/
  21          void uart1_init(void)
  22          {
  23   1          TMOD &= 0x0F;
  24   1              TMOD |= 0x20;                    //设定定时器1为8位自动重装方式
  25   1              SCON = 0x50;                     //8位数据位, 无奇偶校验                                                
  26   1              PCON = 0x00;                    
  27   1          TH1 = TL1 = -(FOSC / 12 / 32 / BAUD); 
  28   1          TR1     = 1;                                //定时器1打开
  29   1          REN     = 0;                                //串口1接收失能
  30   1          ES      = 1;                                //串口1中断使能
  31   1              EA      = 1;                                    //总中断使能
  32   1      }
  33          
  34          /***********************************************************************************
  35                  功能描述：串口1中断处理函数
  36                  入口参数：无
  37                  返回参数：无    
  38                  函数说明：无
  39          ************************************************************************************/
  40          void uart1_isr() interrupt 4 using 1
  41          {
  42   1          if (RI)
  43   1          {
  44   2                      RI = 0;                  //清零接收中断标志
  45   2          }
  46   1          if (TI)
  47   1          {
  48   2              TI = 0;                  //清零发送中断标志
  49   2              uart1_busy_flag = 0;     //清零正在发送标志
  50   2          }
  51   1      }
  52          /***********************************************************************************
  53                  功能描述：串口1发送1Byte数据
  54                  入口参数：dat：要发送的数据
C51 COMPILER V9.00   UART                                                                  05/22/2018 18:34:08 PAGE 2   

  55                  返回参数：无    
  56                  函数说明：无
  57          ************************************************************************************/
  58          void uart1_send_byte(uint8_t dat)
  59          {
  60   1          while (uart1_busy_flag);    //等待之前的数据发送完成
  61   1          ACC = dat;                  //数据传递给ACC,计算奇偶标志位
  62   1          uart1_busy_flag = 1;                //置位正在发送标志
  63   1          SBUF = dat;                 //数据传递到发送buffer
  64   1      }
  65          
  66          
  67          
  68          
  69          
  70          
  71          


MODULE INFORMATION:   STATIC OVERLAYABLE
   CODE SIZE        =     49    ----
   CONSTANT SIZE    =   ----    ----
   XDATA SIZE       =   ----    ----
   PDATA SIZE       =   ----    ----
   DATA SIZE        =   ----    ----
   IDATA SIZE       =   ----    ----
   BIT SIZE         =      1    ----
END OF MODULE INFORMATION.


C51 COMPILATION COMPLETE.  0 WARNING(S),  0 ERROR(S)
