C51 COMPILER V9.01   WS2811DRIVE                                                           05/09/2017 15:53:48 PAGE 1   


C51 COMPILER V9.01, COMPILATION OF MODULE WS2811DRIVE
OBJECT MODULE PLACED IN .\output\WS2811drive.obj
COMPILER INVOKED BY: C:\Keil\C51\BIN\C51.EXE src\WS2811drive.c LARGE BROWSE INCDIR(.\inc) DEBUG OBJECTEXTEND PRINT(.\WS2
                    -811drive.lst) OBJECT(.\output\WS2811drive.obj)

line level    source

   1          /**********************************************************************************
   2                  文件: WS2811drive.c
   3                  作者: 付强/罗健
   4                  版本：V1.0
   5                  日期：2016年5月30日
   6                  备注：这个文件提供了基于WS2811芯片的全彩LED灯带的基本驱动函数              
   7          ***********************************************************************************/
   8          #include "STC12C5A60S2.h"
   9          #include "WS2811drive.h"
  10          #include "io_config.h"
  11          #include <intrins.h>
  12          
  13          
  14          /*****************************************************************************************************
  15           - 功能描述： WS2811芯片写入逻辑0函数
  16           - 入口参数： 无
  17           - 出口参数： 无
  18           - 函数说明： 高速模式      
  19          *****************************************************************************************************/
  20          
  21          void WS2811_Bit0()
  22          {
  23   1              LED_DatPort = 1;
  24   1              _nop_();
  25   1              LED_DatPort = 0;
  26   1              _nop_();
  27   1      }
  28          
  29          /*****************************************************************************************************
  30           - 功能描述： WS2811芯片写入逻辑1函数
  31           - 入口参数： 无
  32           - 出口参数： 无
  33           - 函数说明： 高速模式      
  34          *****************************************************************************************************/
  35          
  36          void WS2811_Bit1()
  37          {
  38   1              LED_DatPort = 1;
  39   1              _nop_();
  40   1              _nop_();
  41   1              LED_DatPort = 0;
  42   1      
  43   1      }
  44          
  45          /*****************************************************************************************************
  46           - 功能描述： WS2811单字节数据写入函数
  47           - 入口参数： 要写入的数据字节
  48           - 出口参数： 无
  49           - 函数说明： 高速模式      
  50          *****************************************************************************************************/
  51          
  52          void WS2811_SendByte(unsigned char dat)
  53          {
  54   1              if(dat & 0x80)
C51 COMPILER V9.01   WS2811DRIVE                                                           05/09/2017 15:53:48 PAGE 2   

  55   1                      WS2811_Bit1();
  56   1              else
  57   1                      WS2811_Bit0();
  58   1              if(dat & 0x40)
  59   1                      WS2811_Bit1();
  60   1              else
  61   1                      WS2811_Bit0();
  62   1              if(dat & 0x20)
  63   1                      WS2811_Bit1();
  64   1              else
  65   1                      WS2811_Bit0();
  66   1              if(dat & 0x10)
  67   1                      WS2811_Bit1();
  68   1              else
  69   1                      WS2811_Bit0();
  70   1              if(dat & 0x08)
  71   1                      WS2811_Bit1();
  72   1              else
  73   1                      WS2811_Bit0();
  74   1              if(dat & 0x04)
  75   1                      WS2811_Bit1();
  76   1              else
  77   1                      WS2811_Bit0();
  78   1              if(dat & 0x02)
  79   1                      WS2811_Bit1();
  80   1              else
  81   1                      WS2811_Bit0();
  82   1              if(dat & 0x01)
  83   1                      WS2811_Bit1();
  84   1              else
  85   1                      WS2811_Bit0();
  86   1      }
  87          
  88          
  89          /******************************************************************************************************
  90           函数功能：向WS2811发送一串数据                 
  91           入口参数：R:红色的灰度级参数G:绿色B:蓝色    
  92                     led_size:要点亮的灯的级数                     
  93           返回参数：None                                 
  94           函数说明：                                     
  95          ******************************************************************************************************/
  96          void WS2811_SendString(uint8_t  R,uint8_t  G,uint8_t  B, uint16_t led_size)
  97          {
  98   1              uint8_t i;
  99   1              if(led_size != 0)
 100   1              {
 101   2                      for(i = 0;i < led_size;i++)
 102   2                      {
 103   3                              WS2811_SendByte(B);
 104   3                              WS2811_SendByte(R);              
 105   3                              WS2811_SendByte(G);
 106   3                      }
 107   2               }
 108   1               WS2811_SendByte(0);
 109   1               WS2811_SendByte(0);
 110   1               WS2811_SendByte(0);
 111   1               WS2811_SendByte(0);
 112   1               WS2811_SendByte(0);
 113   1               WS2811_SendByte(0);
 114   1      
 115   1      }

C51 COMPILER V9.01   WS2811DRIVE                                                           05/09/2017 15:53:48 PAGE 3   


MODULE INFORMATION:   STATIC OVERLAYABLE
   CODE SIZE        =    182    ----
   CONSTANT SIZE    =   ----    ----
   XDATA SIZE       =   ----       5
   PDATA SIZE       =   ----    ----
   DATA SIZE        =   ----    ----
   IDATA SIZE       =   ----    ----
   BIT SIZE         =   ----    ----
END OF MODULE INFORMATION.


C51 COMPILATION COMPLETE.  0 WARNING(S),  0 ERROR(S)
