C51 COMPILER V9.01   MAIN                                                                  07/20/2013 21:44:04 PAGE 1   


C51 COMPILER V9.01, COMPILATION OF MODULE MAIN
OBJECT MODULE PLACED IN .\output\main.obj
COMPILER INVOKED BY: d:\Keil\C51\BIN\C51.EXE src\main.c BROWSE DEBUG OBJECTEXTEND PRINT(.\output\main.lst) OBJECT(.\outp
                    -ut\main.obj)

line level    source

   1          /*********************************************************************************************************
             -*********
   2                  
   3                                                                  +--------------------------------------------------+
   4                                                                                   主函数部分
   5                                                                  +--------------------------------------------------+
   6          
   7           - 实现功能：
   8          
   9           - 目前进展：
  10           - 日期    ：2013-05-06
  11          
  12           - 作者    ：
  13          
  14           - 运行环境：STC   晶振：11.0592M     波特率:9600
  15          
  16           - 备注    ：在普中科技的51开发板上调试OK --- STC89C516RD+
  17          **********************************************************************************************************
             -********/
  18          #include "config.h"
  19          
  20          
  21          void main()
  22          { 
  23   1              Delay_Us(1) ;
  24   1              Delay_Ms(1) ;
  25   1      
  26   1              System_Init() ;
  27   1              LCD1602_Init() ;
  28   1              DBG("ALL INIT SUCCESS!\n") ;
  29   1          Put_u8(0x55) ;
  30   1      
  31   1              while(MainEnable)
  32   1              {        
  33   2                      DS2MS_CNT()  ;  
  34   2                      DS10MS_CNT() ;
  35   2                      DS100MS_CNT();
  36   2                      DS500MS_CNT();
  37   2              }
  38   1      }


MODULE INFORMATION:   STATIC OVERLAYABLE
   CODE SIZE        =     52    ----
   CONSTANT SIZE    =   ----    ----
   XDATA SIZE       =   ----    ----
   PDATA SIZE       =   ----    ----
   DATA SIZE        =   ----    ----
   IDATA SIZE       =   ----    ----
   BIT SIZE         =   ----    ----
END OF MODULE INFORMATION.


C51 COMPILATION COMPLETE.  0 WARNING(S),  0 ERROR(S)
